2026-03-31 22:56:11 [INFO] backtest_runner: Running backtest for LSTM...
2026-03-31 22:56:11 [ERROR] backtest_runner: Failed to backtest lstm: generate_trade_table() missing 2 required positional arguments: 'X_features' and 'feature_names'
Traceback (most recent call last):
  File "C:\Users\viggo\source\repos\MasterThesis-main\thesis_trading_ai\scripts\run_backtest.py", line 23, in main
    metrics = run_backtester(
        model_name=model_name,
    ...<7 lines>...
        min_atr=config.get("optimization.min_atr", 15.0),
    )
  File "C:\Users\viggo\source\repos\MasterThesis-main\thesis_trading_ai\scripts\..\src\backtesting\backtester.py", line 563, in run_backtester
    df_trades = generate_trade_table(
        probs, _get_threshold(model_name),
    ...<3 lines>...
        min_atr=min_atr, df_raw=df_raw
    )
TypeError: generate_trade_table() missing 2 required positional arguments: 'X_features' and 'feature_names'
2026-03-31 22:56:11 [INFO] backtest_runner: Running backtest for TRANSFORMER...
2026-03-31 22:56:12 [ERROR] backtest_runner: Failed to backtest transformer: generate_trade_table() missing 2 required positional arguments: 'X_features' and 'feature_names'
Traceback (most recent call last):
  File "C:\Users\viggo\source\repos\MasterThesis-main\thesis_trading_ai\scripts\run_backtest.py", line 23, in main
    metrics = run_backtester(
        model_name=model_name,
    ...<7 lines>...
        min_atr=config.get("optimization.min_atr", 15.0),
    )
  File "C:\Users\viggo\source\repos\MasterThesis-main\thesis_trading_ai\scripts\..\src\backtesting\backtester.py", line 563, in run_backtester
    df_trades = generate_trade_table(
        probs, _get_threshold(model_name),
    ...<3 lines>...
        min_atr=min_atr, df_raw=df_raw
    )
TypeError: generate_trade_table() missing 2 required positional arguments: 'X_features' and 'feature_names'
2026-03-31 22:56:33 [INFO] backtest_runner: Running backtest for LSTM...
2026-03-31 22:56:33 [ERROR] backtest_runner: Failed to backtest lstm: name 'X' is not defined
Traceback (most recent call last):
  File "C:\Users\viggo\source\repos\MasterThesis-main\thesis_trading_ai\scripts\run_backtest.py", line 23, in main
    metrics = run_backtester(
        model_name=model_name,
    ...<7 lines>...
        min_atr=config.get("optimization.min_atr", 15.0),
    )
  File "C:\Users\viggo\source\repos\MasterThesis-main\thesis_trading_ai\scripts\..\src\backtesting\backtester.py", line 565, in run_backtester
    X_features=X.numpy() if hasattr(X, 'numpy') else X,
                                    ^
NameError: name 'X' is not defined
2026-03-31 22:56:33 [INFO] backtest_runner: Running backtest for TRANSFORMER...
2026-03-31 22:56:34 [ERROR] backtest_runner: Failed to backtest transformer: name 'X' is not defined
Traceback (most recent call last):
  File "C:\Users\viggo\source\repos\MasterThesis-main\thesis_trading_ai\scripts\run_backtest.py", line 23, in main
    metrics = run_backtester(
        model_name=model_name,
    ...<7 lines>...
        min_atr=config.get("optimization.min_atr", 15.0),
    )
  File "C:\Users\viggo\source\repos\MasterThesis-main\thesis_trading_ai\scripts\..\src\backtesting\backtester.py", line 565, in run_backtester
    X_features=X.numpy() if hasattr(X, 'numpy') else X,
                                    ^
NameError: name 'X' is not defined
2026-03-31 23:07:31 [INFO] backtest_runner: Running backtest for LSTM...
2026-03-31 23:07:31 [ERROR] backtest_runner: Failed to backtest lstm: name 'X' is not defined
Traceback (most recent call last):
  File "C:\Users\viggo\source\repos\MasterThesis-main\thesis_trading_ai\scripts\run_backtest.py", line 23, in main
    metrics = run_backtester(
        model_name=model_name,
    ...<7 lines>...
        min_atr=config.get("optimization.min_atr", 15.0),
    )
  File "C:\Users\viggo\source\repos\MasterThesis-main\thesis_trading_ai\scripts\..\src\backtesting\backtester.py", line 565, in run_backtester
    X_features=X.numpy() if hasattr(X, 'numpy') else X,
                                    ^
NameError: name 'X' is not defined
2026-03-31 23:07:31 [INFO] backtest_runner: Running backtest for TRANSFORMER...
2026-03-31 23:07:32 [ERROR] backtest_runner: Failed to backtest transformer: name 'X' is not defined
Traceback (most recent call last):
  File "C:\Users\viggo\source\repos\MasterThesis-main\thesis_trading_ai\scripts\run_backtest.py", line 23, in main
    metrics = run_backtester(
        model_name=model_name,
    ...<7 lines>...
        min_atr=config.get("optimization.min_atr", 15.0),
    )
  File "C:\Users\viggo\source\repos\MasterThesis-main\thesis_trading_ai\scripts\..\src\backtesting\backtester.py", line 565, in run_backtester
    X_features=X.numpy() if hasattr(X, 'numpy') else X,
                                    ^
NameError: name 'X' is not defined
2026-03-31 23:08:25 [INFO] backtest_runner: Running backtest for LSTM...
2026-03-31 23:08:26 [ERROR] backtest_runner: Failed to backtest lstm: 'str' object has no attribute 'date'
Traceback (most recent call last):
  File "C:\Users\viggo\source\repos\MasterThesis-main\thesis_trading_ai\scripts\run_backtest.py", line 23, in main
    metrics = run_backtester(
        model_name=model_name,
    ...<7 lines>...
        min_atr=config.get("optimization.min_atr", 15.0),
    )
  File "C:\Users\viggo\source\repos\MasterThesis-main\thesis_trading_ai\scripts\..\src\backtesting\backtester.py", line 563, in run_backtester
    df_trades = generate_trade_table(
        probs, _get_threshold(model_name),
    ...<5 lines>...
        min_atr=min_atr, df_raw=df_raw
    )
  File "C:\Users\viggo\source\repos\MasterThesis-main\thesis_trading_ai\scripts\..\src\backtesting\backtester.py", line 301, in generate_trade_table
    entry_date = df_raw.loc[idx_in_raw, "datetime"].date()
                 ^^^^^^^^^^^^^^^^^^^^^^^^^^^^^^^^^^^^^^^
AttributeError: 'str' object has no attribute 'date'
2026-03-31 23:08:26 [INFO] backtest_runner: Running backtest for TRANSFORMER...
2026-03-31 23:08:26 [ERROR] backtest_runner: Failed to backtest transformer: 'str' object has no attribute 'date'
Traceback (most recent call last):
  File "C:\Users\viggo\source\repos\MasterThesis-main\thesis_trading_ai\scripts\run_backtest.py", line 23, in main
    metrics = run_backtester(
        model_name=model_name,
    ...<7 lines>...
        min_atr=config.get("optimization.min_atr", 15.0),
    )
  File "C:\Users\viggo\source\repos\MasterThesis-main\thesis_trading_ai\scripts\..\src\backtesting\backtester.py", line 563, in run_backtester
    df_trades = generate_trade_table(
        probs, _get_threshold(model_name),
    ...<5 lines>...
        min_atr=min_atr, df_raw=df_raw
    )
  File "C:\Users\viggo\source\repos\MasterThesis-main\thesis_trading_ai\scripts\..\src\backtesting\backtester.py", line 301, in generate_trade_table
    entry_date = df_raw.loc[idx_in_raw, "datetime"].date()
                 ^^^^^^^^^^^^^^^^^^^^^^^^^^^^^^^^^^^^^^^
AttributeError: 'str' object has no attribute 'date'
2026-03-31 23:13:29 [INFO] backtest_runner: Running backtest for LSTM...
2026-03-31 23:13:30 [INFO] backtest_runner: [LSTM] Backtest completed. Trades: 174, Sharpe: 0.63
2026-03-31 23:13:30 [INFO] backtest_runner: Running backtest for TRANSFORMER...
2026-03-31 23:13:31 [INFO] backtest_runner: [TRANSFORMER] Backtest completed. Trades: 187, Sharpe: 0.90
2026-03-31 23:16:42 [INFO] backtest_runner: Running backtest for LSTM...
2026-03-31 23:16:43 [INFO] backtest_runner: [LSTM] Backtest completed. Trades: 174, Sharpe: 0.63
2026-03-31 23:16:43 [INFO] backtest_runner: Running backtest for TRANSFORMER...
2026-03-31 23:16:43 [INFO] backtest_runner: [TRANSFORMER] Backtest completed. Trades: 187, Sharpe: 0.90
2026-03-31 23:31:49 [INFO] backtest_runner: Running backtest for LSTM...
2026-03-31 23:31:50 [INFO] backtest_runner: [LSTM] Backtest completed. Trades: 174, Sharpe: 0.63
2026-03-31 23:31:50 [INFO] backtest_runner: Running backtest for TRANSFORMER...
2026-03-31 23:31:51 [INFO] backtest_runner: [TRANSFORMER] Backtest completed. Trades: 187, Sharpe: 0.90
2026-04-01 00:16:40 [INFO] backtest_runner: Running backtest for LSTM...
2026-04-01 00:16:40 [INFO] backtest_runner: [LSTM] Backtest completed. Trades: 181, Sharpe: 0.35
2026-04-01 00:16:40 [INFO] backtest_runner: Running backtest for TRANSFORMER...
2026-04-01 00:16:41 [INFO] backtest_runner: [TRANSFORMER] Backtest completed. Trades: 191, Sharpe: 0.62
2026-04-01 00:19:24 [INFO] backtest_runner: Running backtest for LSTM (spread=0.5)...
2026-04-01 00:19:25 [INFO] backtest_runner: [LSTM] Backtest completed. Trades: 181, Sharpe: 0.40
2026-04-01 00:19:25 [INFO] backtest_runner: Running backtest for TRANSFORMER (spread=0.5)...
2026-04-01 00:19:26 [INFO] backtest_runner: [TRANSFORMER] Backtest completed. Trades: 191, Sharpe: 0.66
2026-04-01 00:19:42 [INFO] backtest_runner: Running backtest for LSTM (spread=0.2)...
2026-04-01 00:19:43 [INFO] backtest_runner: [LSTM] Backtest completed. Trades: 181, Sharpe: 0.43
2026-04-01 00:19:43 [INFO] backtest_runner: Running backtest for TRANSFORMER (spread=0.2)...
2026-04-01 00:19:43 [INFO] backtest_runner: [TRANSFORMER] Backtest completed. Trades: 191, Sharpe: 0.69
2026-04-01 00:19:57 [INFO] backtest_runner: Running backtest for LSTM (spread=0.0)...
2026-04-01 00:19:57 [INFO] backtest_runner: [LSTM] Backtest completed. Trades: 173, Sharpe: 0.45
2026-04-01 00:19:57 [INFO] backtest_runner: Running backtest for TRANSFORMER (spread=0.0)...
2026-04-01 00:19:58 [INFO] backtest_runner: [TRANSFORMER] Backtest completed. Trades: 184, Sharpe: 0.71
2026-04-01 00:20:28 [INFO] backtest_runner: Running backtest for LSTM (spread=0.5)...
2026-04-01 00:20:29 [INFO] backtest_runner: [LSTM] Backtest completed. Trades: 260, Sharpe: 0.81
2026-04-01 00:20:29 [INFO] backtest_runner: Running backtest for TRANSFORMER (spread=0.5)...
2026-04-01 00:20:30 [INFO] backtest_runner: [TRANSFORMER] Backtest completed. Trades: 262, Sharpe: 1.05
2026-04-01 00:30:47 [INFO] backtest_runner: Running backtest for LSTM (spread=1.0)...
2026-04-01 00:30:47 [INFO] backtest_runner: [LSTM] Backtest completed. Trades: 181, Sharpe: 0.35
2026-04-01 00:30:47 [INFO] backtest_runner: Running backtest for TRANSFORMER (spread=1.0)...
2026-04-01 00:30:48 [INFO] backtest_runner: [TRANSFORMER] Backtest completed. Trades: 191, Sharpe: 0.62
2026-04-01 00:34:51 [INFO] backtest_runner: Running backtest for LSTM (spread=1.0)...
2026-04-01 00:34:51 [INFO] backtest_runner: [LSTM] Backtest completed. Trades: 181, Sharpe: 0.35
2026-04-01 00:34:51 [INFO] backtest_runner: Running backtest for TRANSFORMER (spread=1.0)...
2026-04-01 00:34:52 [INFO] backtest_runner: [TRANSFORMER] Backtest completed. Trades: 191, Sharpe: 0.62
2026-04-01 01:03:33 [INFO] backtest_runner: Running backtest for TRANSFORMER (spread=0.5)...
2026-04-01 01:03:34 [INFO] backtest_runner: [TRANSFORMER] Backtest completed. Trades: 191, Sharpe: 0.66
2026-04-01 01:06:43 [INFO] backtest_runner: Running backtest for LSTM (spread=2.0)...
2026-04-01 01:06:44 [INFO] backtest_runner: [LSTM] Backtest completed. Trades: 395, Sharpe: 0.48
2026-04-01 01:06:44 [INFO] backtest_runner: Running backtest for TRANSFORMER (spread=2.0)...
2026-04-01 01:06:45 [INFO] backtest_runner: [TRANSFORMER] Backtest completed. Trades: 399, Sharpe: 0.66
2026-04-01 01:07:20 [INFO] backtest_runner: Running backtest for LSTM (spread=1.0)...
2026-04-01 01:07:21 [INFO] backtest_runner: [LSTM] Backtest completed. Trades: 181, Sharpe: 0.35
2026-04-01 01:07:21 [INFO] backtest_runner: Running backtest for TRANSFORMER (spread=1.0)...
2026-04-01 01:07:22 [INFO] backtest_runner: [TRANSFORMER] Backtest completed. Trades: 191, Sharpe: 0.62
2026-04-01 01:07:55 [INFO] backtest_runner: Running backtest for LSTM (spread=0.5)...
2026-04-01 01:07:56 [INFO] backtest_runner: [LSTM] Backtest completed. Trades: 254, Sharpe: 0.80
2026-04-01 01:07:56 [INFO] backtest_runner: Running backtest for TRANSFORMER (spread=0.5)...
2026-04-01 01:08:05 [INFO] backtest_runner: Running backtest for TRANSFORMER (spread=1.0)...
2026-04-01 01:08:06 [INFO] backtest_runner: [TRANSFORMER] Backtest completed. Trades: 254, Sharpe: 1.00
2026-04-01 01:08:18 [INFO] backtest_runner: Running backtest for LSTM (spread=0.5)...
2026-04-01 01:08:19 [INFO] backtest_runner: [LSTM] Backtest completed. Trades: 254, Sharpe: 0.80
2026-04-01 01:08:19 [INFO] backtest_runner: Running backtest for TRANSFORMER (spread=0.5)...
2026-04-01 01:08:20 [INFO] backtest_runner: [TRANSFORMER] Backtest completed. Trades: 254, Sharpe: 1.05
2026-04-01 01:11:18 [INFO] backtest_runner: Running backtest for LSTM (spread=2.0)...
2026-04-01 01:11:19 [INFO] backtest_runner: [LSTM] Backtest completed. Trades: 152, Sharpe: 0.49
2026-04-01 01:11:19 [INFO] backtest_runner: Running backtest for TRANSFORMER (spread=2.0)...
2026-04-01 01:11:20 [INFO] backtest_runner: [TRANSFORMER] Backtest completed. Trades: 161, Sharpe: 0.81
